<?xml version="1.0" encoding="UTF-8"?>
<!-- Generated by org.testng.reporters.JUnitXMLReporter -->
<testsuite hostname="Manokaran" ignored="0" name="Default test" tests="5" failures="0" timestamp="10 Jul 2020 20:25:53 GMT" time="0.07" errors="0">
  <testcase name="methodAdd" time="0.008" classname="maventest.TestCasesTest">
    <skipped/>
  </testcase> <!-- methodAdd -->
  <testcase name="methodDiv" time="0.003" classname="maventest.TestCasesTest">
    <skipped/>
  </testcase> <!-- methodDiv -->
  <testcase name="methodMul" time="0.011" classname="maventest.TestCasesTest">
    <skipped/>
  </testcase> <!-- methodMul -->
  <testcase name="methodSqr" time="0.005" classname="maventest.TestCasesTest"/>
  <testcase name="methodSub" time="0.002" classname="maventest.TestCasesTest"/>
</testsuite> <!-- Default test -->
