<?xml version="1.0" encoding="UTF-8"?>
<!-- Generated by org.testng.reporters.JUnitXMLReporter -->
<testsuite hostname="Manokaran" ignored="0" name="Test" tests="10" failures="0" timestamp="12 Jul 2020 17:51:27 GMT" time="0.068" errors="0">
  <testcase name="methodAdd" time="0.01" classname="maventest.ArithmeticOperation">
    <skipped/>
  </testcase> <!-- methodAdd -->
  <testcase name="methodDiv" time="0.005" classname="maventest.ArithmeticOperation"/>
  <testcase name="methodMul" time="0.002" classname="maventest.ArithmeticOperation"/>
  <testcase name="methodSub" time="0.002" classname="maventest.ArithmeticOperation">
    <skipped/>
  </testcase> <!-- methodSub -->
  <testcase name="methodAnd" time="0.001" classname="maventest.LogicalOperation"/>
  <testcase name="methodOr" time="0.001" classname="maventest.LogicalOperation">
    <skipped/>
  </testcase> <!-- methodOr -->
  <testcase name="methodGreaterThan" time="0.002" classname="maventest.RelationalOperation">
    <skipped/>
  </testcase> <!-- methodGreaterThan -->
  <testcase name="methodGreaterThanOrEqual" time="0.001" classname="maventest.RelationalOperation"/>
  <testcase name="methodLessThan" time="0.001" classname="maventest.RelationalOperation">
    <skipped/>
  </testcase> <!-- methodLessThan -->
  <testcase name="methodLessThanOrEqual" time="0.002" classname="maventest.RelationalOperation"/>
</testsuite> <!-- Test -->
