<?xml version="1.0" encoding="UTF-8"?>
<!-- Generated by org.testng.reporters.JUnitXMLReporter -->
<testsuite hostname="DESKTOP-PT9BTGS" ignored="0" name="Test" tests="1" failures="1" timestamp="22 Jun 2020 14:11:24 GMT" time="10.362" errors="0">
  <testcase name="testLogin" time="10.313" classname="maventest.maventest">
    <failure type="java.lang.AssertionError" message="expected [true] but found [false]">
      <![CDATA[java.lang.AssertionError: expected [true] but found [false]
at maventest.maventest.testLogin(maventest.java:74)
... Removed 32 stack frames]]>
    </failure>
  </testcase> <!-- testLogin -->
</testsuite> <!-- Test -->
