<?xml version="1.0" encoding="UTF-8"?>
<testng-results skipped="5" failed="0" ignored="0" total="10" passed="5">
  <reporter-output>
  </reporter-output>
  <suite name="Suite" duration-ms="68" started-at="2020-07-12T17:51:27Z" finished-at="2020-07-12T17:51:27Z">
    <groups>
    </groups>
    <test name="Test" duration-ms="68" started-at="2020-07-12T17:51:27Z" finished-at="2020-07-12T17:51:27Z">
      <class name="maventest.RelationalOperation">
        <test-method status="SKIP" signature="methodGreaterThan()[pri:0, instance:maventest.RelationalOperation@59ec2012]" name="methodGreaterThan" duration-ms="2" started-at="2020-07-12T17:51:27Z" finished-at="2020-07-12T17:51:27Z">
          <exception class="org.testng.SkipException">
            <message>
              <![CDATA[methodGreaterThan]]>
            </message>
            <full-stacktrace>
              <![CDATA[org.testng.SkipException: methodGreaterThan
at maventest.RelationalOperation.isMethodAllowed(RelationalOperation.java:31)
at maventest.RelationalOperation.methodGreaterThan(RelationalOperation.java:50)
at sun.reflect.NativeMethodAccessorImpl.invoke0(Native Method)
at sun.reflect.NativeMethodAccessorImpl.invoke(NativeMethodAccessorImpl.java:62)
at sun.reflect.DelegatingMethodAccessorImpl.invoke(DelegatingMethodAccessorImpl.java:43)
at java.lang.reflect.Method.invoke(Method.java:498)
at org.testng.internal.MethodInvocationHelper.invokeMethod(MethodInvocationHelper.java:124)
at org.testng.internal.Invoker.invokeMethod(Invoker.java:583)
at org.testng.internal.Invoker.invokeTestMethod(Invoker.java:719)
at org.testng.internal.Invoker.invokeTestMethods(Invoker.java:989)
at org.testng.internal.TestMethodWorker.invokeTestMethods(TestMethodWorker.java:125)
at org.testng.internal.TestMethodWorker.run(TestMethodWorker.java:109)
at org.testng.TestRunner.privateRun(TestRunner.java:648)
at org.testng.TestRunner.run(TestRunner.java:505)
at org.testng.SuiteRunner.runTest(SuiteRunner.java:455)
at org.testng.SuiteRunner.runSequentially(SuiteRunner.java:450)
at org.testng.SuiteRunner.privateRun(SuiteRunner.java:415)
at org.testng.SuiteRunner.run(SuiteRunner.java:364)
at org.testng.SuiteRunnerWorker.runSuite(SuiteRunnerWorker.java:52)
at org.testng.SuiteRunnerWorker.run(SuiteRunnerWorker.java:84)
at org.testng.TestNG.runSuitesSequentially(TestNG.java:1208)
at org.testng.TestNG.runSuitesLocally(TestNG.java:1137)
at org.testng.TestNG.runSuites(TestNG.java:1049)
at org.testng.TestNG.run(TestNG.java:1017)
at org.testng.remote.AbstractRemoteTestNG.run(AbstractRemoteTestNG.java:132)
at org.testng.remote.RemoteTestNG.initAndRun(RemoteTestNG.java:230)
at org.testng.remote.RemoteTestNG.main(RemoteTestNG.java:76)
]]>
            </full-stacktrace>
          </exception> <!-- org.testng.SkipException -->
          <reporter-output>
          </reporter-output>
        </test-method> <!-- methodGreaterThan -->
        <test-method status="PASS" signature="methodGreaterThanOrEqual()[pri:0, instance:maventest.RelationalOperation@59ec2012]" name="methodGreaterThanOrEqual" duration-ms="1" started-at="2020-07-12T17:51:27Z" finished-at="2020-07-12T17:51:27Z">
          <reporter-output>
          </reporter-output>
        </test-method> <!-- methodGreaterThanOrEqual -->
        <test-method status="SKIP" signature="methodLessThan()[pri:0, instance:maventest.RelationalOperation@59ec2012]" name="methodLessThan" duration-ms="1" started-at="2020-07-12T17:51:27Z" finished-at="2020-07-12T17:51:27Z">
          <exception class="org.testng.SkipException">
            <message>
              <![CDATA[methodLessThan]]>
            </message>
            <full-stacktrace>
              <![CDATA[org.testng.SkipException: methodLessThan
at maventest.RelationalOperation.isMethodAllowed(RelationalOperation.java:31)
at maventest.RelationalOperation.methodLessThan(RelationalOperation.java:36)
at sun.reflect.NativeMethodAccessorImpl.invoke0(Native Method)
at sun.reflect.NativeMethodAccessorImpl.invoke(NativeMethodAccessorImpl.java:62)
at sun.reflect.DelegatingMethodAccessorImpl.invoke(DelegatingMethodAccessorImpl.java:43)
at java.lang.reflect.Method.invoke(Method.java:498)
at org.testng.internal.MethodInvocationHelper.invokeMethod(MethodInvocationHelper.java:124)
at org.testng.internal.Invoker.invokeMethod(Invoker.java:583)
at org.testng.internal.Invoker.invokeTestMethod(Invoker.java:719)
at org.testng.internal.Invoker.invokeTestMethods(Invoker.java:989)
at org.testng.internal.TestMethodWorker.invokeTestMethods(TestMethodWorker.java:125)
at org.testng.internal.TestMethodWorker.run(TestMethodWorker.java:109)
at org.testng.TestRunner.privateRun(TestRunner.java:648)
at org.testng.TestRunner.run(TestRunner.java:505)
at org.testng.SuiteRunner.runTest(SuiteRunner.java:455)
at org.testng.SuiteRunner.runSequentially(SuiteRunner.java:450)
at org.testng.SuiteRunner.privateRun(SuiteRunner.java:415)
at org.testng.SuiteRunner.run(SuiteRunner.java:364)
at org.testng.SuiteRunnerWorker.runSuite(SuiteRunnerWorker.java:52)
at org.testng.SuiteRunnerWorker.run(SuiteRunnerWorker.java:84)
at org.testng.TestNG.runSuitesSequentially(TestNG.java:1208)
at org.testng.TestNG.runSuitesLocally(TestNG.java:1137)
at org.testng.TestNG.runSuites(TestNG.java:1049)
at org.testng.TestNG.run(TestNG.java:1017)
at org.testng.remote.AbstractRemoteTestNG.run(AbstractRemoteTestNG.java:132)
at org.testng.remote.RemoteTestNG.initAndRun(RemoteTestNG.java:230)
at org.testng.remote.RemoteTestNG.main(RemoteTestNG.java:76)
]]>
            </full-stacktrace>
          </exception> <!-- org.testng.SkipException -->
          <reporter-output>
          </reporter-output>
        </test-method> <!-- methodLessThan -->
        <test-method status="PASS" signature="methodLessThanOrEqual()[pri:0, instance:maventest.RelationalOperation@59ec2012]" name="methodLessThanOrEqual" duration-ms="2" started-at="2020-07-12T17:51:27Z" finished-at="2020-07-12T17:51:27Z">
          <reporter-output>
          </reporter-output>
        </test-method> <!-- methodLessThanOrEqual -->
      </class> <!-- maventest.RelationalOperation -->
      <class name="maventest.LogicalOperation">
        <test-method status="PASS" signature="methodAnd()[pri:0, instance:maventest.LogicalOperation@402a079c]" name="methodAnd" duration-ms="1" started-at="2020-07-12T17:51:27Z" finished-at="2020-07-12T17:51:27Z">
          <reporter-output>
          </reporter-output>
        </test-method> <!-- methodAnd -->
        <test-method status="SKIP" signature="methodOr()[pri:0, instance:maventest.LogicalOperation@402a079c]" name="methodOr" duration-ms="1" started-at="2020-07-12T17:51:27Z" finished-at="2020-07-12T17:51:27Z">
          <exception class="org.testng.SkipException">
            <message>
              <![CDATA[methodOr]]>
            </message>
            <full-stacktrace>
              <![CDATA[org.testng.SkipException: methodOr
at maventest.LogicalOperation.isMethodAllowed(LogicalOperation.java:31)
at maventest.LogicalOperation.methodOr(LogicalOperation.java:36)
at sun.reflect.NativeMethodAccessorImpl.invoke0(Native Method)
at sun.reflect.NativeMethodAccessorImpl.invoke(NativeMethodAccessorImpl.java:62)
at sun.reflect.DelegatingMethodAccessorImpl.invoke(DelegatingMethodAccessorImpl.java:43)
at java.lang.reflect.Method.invoke(Method.java:498)
at org.testng.internal.MethodInvocationHelper.invokeMethod(MethodInvocationHelper.java:124)
at org.testng.internal.Invoker.invokeMethod(Invoker.java:583)
at org.testng.internal.Invoker.invokeTestMethod(Invoker.java:719)
at org.testng.internal.Invoker.invokeTestMethods(Invoker.java:989)
at org.testng.internal.TestMethodWorker.invokeTestMethods(TestMethodWorker.java:125)
at org.testng.internal.TestMethodWorker.run(TestMethodWorker.java:109)
at org.testng.TestRunner.privateRun(TestRunner.java:648)
at org.testng.TestRunner.run(TestRunner.java:505)
at org.testng.SuiteRunner.runTest(SuiteRunner.java:455)
at org.testng.SuiteRunner.runSequentially(SuiteRunner.java:450)
at org.testng.SuiteRunner.privateRun(SuiteRunner.java:415)
at org.testng.SuiteRunner.run(SuiteRunner.java:364)
at org.testng.SuiteRunnerWorker.runSuite(SuiteRunnerWorker.java:52)
at org.testng.SuiteRunnerWorker.run(SuiteRunnerWorker.java:84)
at org.testng.TestNG.runSuitesSequentially(TestNG.java:1208)
at org.testng.TestNG.runSuitesLocally(TestNG.java:1137)
at org.testng.TestNG.runSuites(TestNG.java:1049)
at org.testng.TestNG.run(TestNG.java:1017)
at org.testng.remote.AbstractRemoteTestNG.run(AbstractRemoteTestNG.java:132)
at org.testng.remote.RemoteTestNG.initAndRun(RemoteTestNG.java:230)
at org.testng.remote.RemoteTestNG.main(RemoteTestNG.java:76)
]]>
            </full-stacktrace>
          </exception> <!-- org.testng.SkipException -->
          <reporter-output>
          </reporter-output>
        </test-method> <!-- methodOr -->
      </class> <!-- maventest.LogicalOperation -->
      <class name="maventest.ArithmeticOperation">
        <test-method status="PASS" signature="beforeSuite()[pri:0, instance:maventest.ArithmeticOperation@6500df86]" name="beforeSuite" is-config="true" duration-ms="13" started-at="2020-07-12T17:51:27Z" finished-at="2020-07-12T17:51:27Z">
          <reporter-output>
          </reporter-output>
        </test-method> <!-- beforeSuite -->
        <test-method status="PASS" signature="beforeSuite()[pri:0, instance:maventest.LogicalOperation@402a079c]" name="beforeSuite" is-config="true" duration-ms="0" started-at="2020-07-12T17:51:27Z" finished-at="2020-07-12T17:51:27Z">
          <reporter-output>
          </reporter-output>
        </test-method> <!-- beforeSuite -->
        <test-method status="PASS" signature="beforeSuite()[pri:0, instance:maventest.RelationalOperation@59ec2012]" name="beforeSuite" is-config="true" duration-ms="0" started-at="2020-07-12T17:51:27Z" finished-at="2020-07-12T17:51:27Z">
          <reporter-output>
          </reporter-output>
        </test-method> <!-- beforeSuite -->
        <test-method status="SKIP" signature="methodAdd()[pri:0, instance:maventest.ArithmeticOperation@6500df86]" name="methodAdd" duration-ms="10" started-at="2020-07-12T17:51:27Z" finished-at="2020-07-12T17:51:27Z">
          <exception class="org.testng.SkipException">
            <message>
              <![CDATA[methodAdd]]>
            </message>
            <full-stacktrace>
              <![CDATA[org.testng.SkipException: methodAdd
at maventest.ArithmeticOperation.isMethodAllowed(ArithmeticOperation.java:31)
at maventest.ArithmeticOperation.methodAdd(ArithmeticOperation.java:36)
at sun.reflect.NativeMethodAccessorImpl.invoke0(Native Method)
at sun.reflect.NativeMethodAccessorImpl.invoke(NativeMethodAccessorImpl.java:62)
at sun.reflect.DelegatingMethodAccessorImpl.invoke(DelegatingMethodAccessorImpl.java:43)
at java.lang.reflect.Method.invoke(Method.java:498)
at org.testng.internal.MethodInvocationHelper.invokeMethod(MethodInvocationHelper.java:124)
at org.testng.internal.Invoker.invokeMethod(Invoker.java:583)
at org.testng.internal.Invoker.invokeTestMethod(Invoker.java:719)
at org.testng.internal.Invoker.invokeTestMethods(Invoker.java:989)
at org.testng.internal.TestMethodWorker.invokeTestMethods(TestMethodWorker.java:125)
at org.testng.internal.TestMethodWorker.run(TestMethodWorker.java:109)
at org.testng.TestRunner.privateRun(TestRunner.java:648)
at org.testng.TestRunner.run(TestRunner.java:505)
at org.testng.SuiteRunner.runTest(SuiteRunner.java:455)
at org.testng.SuiteRunner.runSequentially(SuiteRunner.java:450)
at org.testng.SuiteRunner.privateRun(SuiteRunner.java:415)
at org.testng.SuiteRunner.run(SuiteRunner.java:364)
at org.testng.SuiteRunnerWorker.runSuite(SuiteRunnerWorker.java:52)
at org.testng.SuiteRunnerWorker.run(SuiteRunnerWorker.java:84)
at org.testng.TestNG.runSuitesSequentially(TestNG.java:1208)
at org.testng.TestNG.runSuitesLocally(TestNG.java:1137)
at org.testng.TestNG.runSuites(TestNG.java:1049)
at org.testng.TestNG.run(TestNG.java:1017)
at org.testng.remote.AbstractRemoteTestNG.run(AbstractRemoteTestNG.java:132)
at org.testng.remote.RemoteTestNG.initAndRun(RemoteTestNG.java:230)
at org.testng.remote.RemoteTestNG.main(RemoteTestNG.java:76)
]]>
            </full-stacktrace>
          </exception> <!-- org.testng.SkipException -->
          <reporter-output>
          </reporter-output>
        </test-method> <!-- methodAdd -->
        <test-method status="PASS" signature="methodDiv()[pri:0, instance:maventest.ArithmeticOperation@6500df86]" name="methodDiv" duration-ms="5" started-at="2020-07-12T17:51:27Z" finished-at="2020-07-12T17:51:27Z">
          <reporter-output>
          </reporter-output>
        </test-method> <!-- methodDiv -->
        <test-method status="PASS" signature="methodMul()[pri:0, instance:maventest.ArithmeticOperation@6500df86]" name="methodMul" duration-ms="2" started-at="2020-07-12T17:51:27Z" finished-at="2020-07-12T17:51:27Z">
          <reporter-output>
          </reporter-output>
        </test-method> <!-- methodMul -->
        <test-method status="SKIP" signature="methodSub()[pri:0, instance:maventest.ArithmeticOperation@6500df86]" name="methodSub" duration-ms="2" started-at="2020-07-12T17:51:27Z" finished-at="2020-07-12T17:51:27Z">
          <exception class="org.testng.SkipException">
            <message>
              <![CDATA[methodSub]]>
            </message>
            <full-stacktrace>
              <![CDATA[org.testng.SkipException: methodSub
at maventest.ArithmeticOperation.isMethodAllowed(ArithmeticOperation.java:31)
at maventest.ArithmeticOperation.methodSub(ArithmeticOperation.java:43)
at sun.reflect.NativeMethodAccessorImpl.invoke0(Native Method)
at sun.reflect.NativeMethodAccessorImpl.invoke(NativeMethodAccessorImpl.java:62)
at sun.reflect.DelegatingMethodAccessorImpl.invoke(DelegatingMethodAccessorImpl.java:43)
at java.lang.reflect.Method.invoke(Method.java:498)
at org.testng.internal.MethodInvocationHelper.invokeMethod(MethodInvocationHelper.java:124)
at org.testng.internal.Invoker.invokeMethod(Invoker.java:583)
at org.testng.internal.Invoker.invokeTestMethod(Invoker.java:719)
at org.testng.internal.Invoker.invokeTestMethods(Invoker.java:989)
at org.testng.internal.TestMethodWorker.invokeTestMethods(TestMethodWorker.java:125)
at org.testng.internal.TestMethodWorker.run(TestMethodWorker.java:109)
at org.testng.TestRunner.privateRun(TestRunner.java:648)
at org.testng.TestRunner.run(TestRunner.java:505)
at org.testng.SuiteRunner.runTest(SuiteRunner.java:455)
at org.testng.SuiteRunner.runSequentially(SuiteRunner.java:450)
at org.testng.SuiteRunner.privateRun(SuiteRunner.java:415)
at org.testng.SuiteRunner.run(SuiteRunner.java:364)
at org.testng.SuiteRunnerWorker.runSuite(SuiteRunnerWorker.java:52)
at org.testng.SuiteRunnerWorker.run(SuiteRunnerWorker.java:84)
at org.testng.TestNG.runSuitesSequentially(TestNG.java:1208)
at org.testng.TestNG.runSuitesLocally(TestNG.java:1137)
at org.testng.TestNG.runSuites(TestNG.java:1049)
at org.testng.TestNG.run(TestNG.java:1017)
at org.testng.remote.AbstractRemoteTestNG.run(AbstractRemoteTestNG.java:132)
at org.testng.remote.RemoteTestNG.initAndRun(RemoteTestNG.java:230)
at org.testng.remote.RemoteTestNG.main(RemoteTestNG.java:76)
]]>
            </full-stacktrace>
          </exception> <!-- org.testng.SkipException -->
          <reporter-output>
          </reporter-output>
        </test-method> <!-- methodSub -->
      </class> <!-- maventest.ArithmeticOperation -->
    </test> <!-- Test -->
  </suite> <!-- Suite -->
</testng-results>
